<?xml version="1.0" encoding="UTF-8"?>
<!-- Generated by org.testng.reporters.JUnitXMLReporter -->
<testsuite ignored="0" hostname="ts-Latitude-3340" failures="0" tests="18" name="Firefox Test" time="0.095" errors="0" timestamp="2023-05-08T17:37:29 IST">
  <testcase classname="LoginTest.TestClass" name="@BeforeSuite setup" time="0.011">
    <failure type="java.lang.NullPointerException" message="Cannot invoke &amp;quot;org.openqa.selenium.WebDriver.manage()&amp;quot; because &amp;quot;this.driver&amp;quot; is null">
      <![CDATA[java.lang.NullPointerException: Cannot invoke "org.openqa.selenium.WebDriver.manage()" because "this.driver" is null
at com.Jarvis.Library.Initialize.Initialisebrowser(Initialize.java:44)
at LoginTest.TestClass.setup(TestClass.java:38)
... Removed 19 stack frames]]>
    </failure>
  </testcase> <!-- @BeforeSuite setup -->
  <testcase classname="LoginTest.TestClass" name="VerifyLoginFunctionality" time="0.0">
    <skipped/>
  </testcase> <!-- VerifyLoginFunctionality -->
  <testcase classname="LoginTest.TestClass" name="ClickOnInvestNowButton" time="0.0">
    <skipped/>
  </testcase> <!-- ClickOnInvestNowButton -->
  <testcase classname="LoginTest.TestClass" name="ClickOnStartNowButton" time="0.0">
    <skipped/>
  </testcase> <!-- ClickOnStartNowButton -->
  <testcase classname="LoginTest.TestClass" name="AttemptQuestionnaries" time="0.0">
    <skipped/>
  </testcase> <!-- AttemptQuestionnaries -->
  <testcase classname="LoginTest.TestClass" name="ClickOnSubmitMyResponcesButton" time="0.0">
    <skipped/>
  </testcase> <!-- ClickOnSubmitMyResponcesButton -->
  <testcase classname="LoginTest.TestClass" name="ConfirmResponces" time="0.0">
    <skipped/>
  </testcase> <!-- ConfirmResponces -->
  <testcase classname="LoginTest.TestClass" name="SelectCheckbox" time="0.0">
    <skipped/>
  </testcase> <!-- SelectCheckbox -->
  <testcase classname="LoginTest.TestClass" name="ConfirmRiskProfile" time="0.0">
    <skipped/>
  </testcase> <!-- ConfirmRiskProfile -->
  <testcase classname="LoginTest.TestClass" name="SelectTenure1" time="0.0">
    <skipped/>
  </testcase> <!-- SelectTenure1 -->
  <testcase classname="LoginTest.TestClass" name="SelectStrategy" time="0.0">
    <skipped/>
  </testcase> <!-- SelectStrategy -->
  <testcase classname="LoginTest.TestClass" name="ClickOnSubmitMyStrategy" time="0.0">
    <skipped/>
  </testcase> <!-- ClickOnSubmitMyStrategy -->
  <testcase classname="LoginTest.TestClass" name="SelectAmount" time="0.0">
    <skipped/>
  </testcase> <!-- SelectAmount -->
  <testcase classname="LoginTest.TestClass" name="SelectPlan" time="0.0">
    <skipped/>
  </testcase> <!-- SelectPlan -->
  <testcase classname="LoginTest.TestClass" name="CLickOnContinueButton" time="0.0">
    <skipped/>
  </testcase> <!-- CLickOnContinueButton -->
  <testcase classname="LoginTest.TestClass" name="ConfirmInvestmentPreference" time="0.0">
    <skipped/>
  </testcase> <!-- ConfirmInvestmentPreference -->
  <testcase classname="LoginTest.TestClass" name="UnlockPortfolioButton" time="0.0">
    <skipped/>
  </testcase> <!-- UnlockPortfolioButton -->
  <testcase classname="LoginTest.TestClass" name="ClickOnPayNowButton" time="0.0">
    <skipped/>
  </testcase> <!-- ClickOnPayNowButton -->
  <testcase classname="LoginTest.TestClass" name="ClickOnIAgreeButton" time="0.0">
    <skipped/>
  </testcase> <!-- ClickOnIAgreeButton -->
</testsuite> <!-- Firefox Test -->
